<?xml version="1.0" encoding="UTF-8"?>
<testng-results skipped="0" failed="0" ignored="0" total="1" passed="1">
  <reporter-output>
  </reporter-output>
  <suite name="Default suite" duration-ms="23971" started-at="2020-10-14T18:00:25 EDT" finished-at="2020-10-14T18:00:49 EDT">
    <groups>
    </groups>
    <test name="Default test" duration-ms="23971" started-at="2020-10-14T18:00:25 EDT" finished-at="2020-10-14T18:00:49 EDT">
      <class name="test.AddCustomerTest">
        <test-method status="PASS" signature="validUserShouldBeAbleToAddCustomer()[pri:0, instance:test.AddCustomerTest@1bb5a082]" name="validUserShouldBeAbleToAddCustomer" duration-ms="23922" started-at="2020-10-14T18:00:26 EDT" finished-at="2020-10-14T18:00:49 EDT">
          <reporter-output>
          </reporter-output>
        </test-method> <!-- validUserShouldBeAbleToAddCustomer -->
      </class> <!-- test.AddCustomerTest -->
    </test> <!-- Default test -->
  </suite> <!-- Default suite -->
</testng-results>
